Using pre-set license
Built from '2020.3/staging' branch; Version is '2020.3.8f1 (507919d4fff5) revision 5273881'; Using compiler version '192528614'; Build Type 'Release'
OS: 'Windows 10 Home; OS build 22000.434; Version 2009; 64bit' Language: 'tr' Physical Memory: 16125 MB
BatchMode: 1, IsHumanControllingUs: 0, StartBugReporterOnCrash: 0, Is64bit: 1, IsPro: 0

 COMMAND LINE ARGUMENTS:
C:\Program Files\Unity\Hub\Editor\2020.3.8f1\Editor\Unity.exe
-adb2
-batchMode
-noUpm
-name
AssetImportWorker0
-projectPath
C:/Users/emirc/Desktop/CubePackages-FunctionCaller_Emir
-logFile
Logs/AssetImportWorker0.log
-srvPort
53760
Successfully changed project path to: C:/Users/emirc/Desktop/CubePackages-FunctionCaller_Emir
C:/Users/emirc/Desktop/CubePackages-FunctionCaller_Emir
Using Asset Import Pipeline V2.
Refreshing native plugins compatible for Editor in 19.88 ms, found 0 plugins.
Preloading 0 native plugins for Editor in 0.00 ms.
Initialize engine version: 2020.3.8f1 (507919d4fff5)
[Subsystems] Discovering subsystems at path C:/Program Files/Unity/Hub/Editor/2020.3.8f1/Editor/Data/Resources/UnitySubsystems
[Subsystems] Discovering subsystems at path C:/Users/emirc/Desktop/CubePackages-FunctionCaller_Emir/Assets
GfxDevice: creating device client; threaded=0
Direct3D:
    Version:  Direct3D 11.0 [level 11.1]
    Renderer: NVIDIA GeForce RTX 3060 Laptop GPU (ID=0x2520)
    Vendor:   
    VRAM:     6023 MB
    Driver:   30.0.14.9649
Initialize mono
Mono path[0] = 'C:/Program Files/Unity/Hub/Editor/2020.3.8f1/Editor/Data/Managed'
Mono path[1] = 'C:/Program Files/Unity/Hub/Editor/2020.3.8f1/Editor/Data/MonoBleedingEdge/lib/mono/unityjit'
Mono config path = 'C:/Program Files/Unity/Hub/Editor/2020.3.8f1/Editor/Data/MonoBleedingEdge/etc'
Using monoOptions --debugger-agent=transport=dt_socket,embedding=1,server=y,suspend=n,address=127.0.0.1:56928
Begin MonoManager ReloadAssembly
Registering precompiled unity dll's ...
Register platform support module: C:/Program Files/Unity/Hub/Editor/2020.3.8f1/Editor/Data/PlaybackEngines/WindowsStandaloneSupport/UnityEditor.WindowsStandalone.Extensions.dll
Registered in 0.001365 seconds.
Native extension for WindowsStandalone target not found
Refreshing native plugins compatible for Editor in 20.71 ms, found 0 plugins.
Preloading 0 native plugins for Editor in 0.00 ms.
Mono: successfully reloaded assembly
- Completed reload, in  1.398 seconds
Platform modules already initialized, skipping
Registering precompiled user dll's ...
Registered in 0.000649 seconds.
Begin MonoManager ReloadAssembly
Native extension for WindowsStandalone target not found
Refreshing native plugins compatible for Editor in 0.20 ms, found 0 plugins.
Preloading 0 native plugins for Editor in 0.00 ms.
Mono: successfully reloaded assembly
- Completed reload, in  0.610 seconds
Platform modules already initialized, skipping
========================================================================
Worker process is ready to serve import requests
Launched and connected shader compiler UnityShaderCompiler.exe after 0.03 seconds
Refreshing native plugins compatible for Editor in 0.18 ms, found 0 plugins.
Preloading 0 native plugins for Editor in 0.00 ms.
Unloading 1116 Unused Serialized files (Serialized files now loaded: 0)
System memory in use before: 57.0 MB.
System memory in use after: 57.1 MB.

Unloading 9 unused Assets to reduce memory usage. Loaded Objects now: 1559.
Total: 1.303200 ms (FindLiveObjects: 0.096100 ms CreateObjectMapping: 0.020600 ms MarkObjects: 1.133700 ms  DeleteObjects: 0.051700 ms)

========================================================================
Received Import Request.
  path: Assets/Scenes
  artifactKey: Guid(40d8f51845e42874880de6591a903947) Importer(815301076,1909f56bfc062723c751e8b465ee728b)
Start importing Assets/Scenes using Guid(40d8f51845e42874880de6591a903947) Importer(815301076,1909f56bfc062723c751e8b465ee728b)  -> (artifact id: 'e91c8f1be7139cd25bfb28f94d3add6b') in 0.009263 seconds
  Import took 0.010896 seconds .

========================================================================
Received Import Request.
  Time since last request: 0.000201 seconds.
  path: Assets/Scenes/SampleScene.unity
  artifactKey: Guid(9fc0d4010bbf28b4594072e72b8655ab) Importer(815301076,1909f56bfc062723c751e8b465ee728b)
Start importing Assets/Scenes/SampleScene.unity using Guid(9fc0d4010bbf28b4594072e72b8655ab) Importer(815301076,1909f56bfc062723c751e8b465ee728b)  -> (artifact id: 'cf2755ec9ebe870117c451b9565d35d0') in 0.012557 seconds
  Import took 0.014129 seconds .

========================================================================
Received Import Request.
  Time since last request: 36.925381 seconds.
  path: Assets/FunctionCallerEditor.cs
  artifactKey: Guid(f458fc78222fe034ba15f0a93f934ab1) Importer(815301076,1909f56bfc062723c751e8b465ee728b)
Start importing Assets/FunctionCallerEditor.cs using Guid(f458fc78222fe034ba15f0a93f934ab1) Importer(815301076,1909f56bfc062723c751e8b465ee728b)  -> (artifact id: 'c2c2abd72d331d84926dec2996c1c090') in 0.017146 seconds
  Import took 0.018883 seconds .

========================================================================
Received Import Request.
  Time since last request: 0.030650 seconds.
  path: Assets/FunctionCallerEditor.cs
  artifactKey: Guid(f458fc78222fe034ba15f0a93f934ab1) Importer(815301076,1909f56bfc062723c751e8b465ee728b)
Start importing Assets/FunctionCallerEditor.cs using Guid(f458fc78222fe034ba15f0a93f934ab1) Importer(815301076,1909f56bfc062723c751e8b465ee728b)  -> (artifact id: 'c2c2abd72d331d84926dec2996c1c090') in 0.002633 seconds
  Import took 0.004861 seconds .

========================================================================
Received Import Request.
  Time since last request: 29.697494 seconds.
  path: Assets
  artifactKey: Guid(00000000000000001000000000000000) Importer(815301076,1909f56bfc062723c751e8b465ee728b)
Start importing Assets using Guid(00000000000000001000000000000000) Importer(815301076,1909f56bfc062723c751e8b465ee728b)  -> (artifact id: '42d402b061de3733987d63b9cc3b64de') in 0.006866 seconds
  Import took 0.009357 seconds .

========================================================================
Received Prepare
Registering precompiled user dll's ...
Registered in 0.000555 seconds.
Begin MonoManager ReloadAssembly
Native extension for WindowsStandalone target not found
Refreshing native plugins compatible for Editor in 0.27 ms, found 0 plugins.
Preloading 0 native plugins for Editor in 0.00 ms.
Mono: successfully reloaded assembly
- Completed reload, in  0.758 seconds
Platform modules already initialized, skipping
Refreshing native plugins compatible for Editor in 0.26 ms, found 0 plugins.
Preloading 0 native plugins for Editor in 0.00 ms.
Unloading 1110 Unused Serialized files (Serialized files now loaded: 0)
System memory in use before: 56.8 MB.
System memory in use after: 56.9 MB.

Unloading 4 unused Assets to reduce memory usage. Loaded Objects now: 1562.
Total: 1.658400 ms (FindLiveObjects: 0.117200 ms CreateObjectMapping: 0.021200 ms MarkObjects: 1.502000 ms  DeleteObjects: 0.016700 ms)

========================================================================
Received Prepare
Registering precompiled user dll's ...
Registered in 0.000401 seconds.
Begin MonoManager ReloadAssembly
Native extension for WindowsStandalone target not found
Refreshing native plugins compatible for Editor in 0.20 ms, found 0 plugins.
Preloading 0 native plugins for Editor in 0.00 ms.
Mono: successfully reloaded assembly
- Completed reload, in  0.545 seconds
Platform modules already initialized, skipping
Refreshing native plugins compatible for Editor in 0.19 ms, found 0 plugins.
Preloading 0 native plugins for Editor in 0.00 ms.
Unloading 1110 Unused Serialized files (Serialized files now loaded: 0)
System memory in use before: 56.9 MB.
System memory in use after: 57.0 MB.

Unloading 4 unused Assets to reduce memory usage. Loaded Objects now: 1565.
Total: 1.255300 ms (FindLiveObjects: 0.095400 ms CreateObjectMapping: 0.020800 ms MarkObjects: 1.125900 ms  DeleteObjects: 0.012200 ms)

========================================================================
Received Prepare
Registering precompiled user dll's ...
Registered in 0.000611 seconds.
Begin MonoManager ReloadAssembly
Native extension for WindowsStandalone target not found
Refreshing native plugins compatible for Editor in 0.26 ms, found 0 plugins.
Preloading 0 native plugins for Editor in 0.00 ms.
Mono: successfully reloaded assembly
- Completed reload, in  0.705 seconds
Platform modules already initialized, skipping
Refreshing native plugins compatible for Editor in 0.27 ms, found 0 plugins.
Preloading 0 native plugins for Editor in 0.00 ms.
Unloading 1110 Unused Serialized files (Serialized files now loaded: 0)
System memory in use before: 56.9 MB.
System memory in use after: 57.0 MB.

Unloading 4 unused Assets to reduce memory usage. Loaded Objects now: 1568.
Total: 1.517900 ms (FindLiveObjects: 0.093700 ms CreateObjectMapping: 0.020600 ms MarkObjects: 1.387600 ms  DeleteObjects: 0.014700 ms)

AssetImportWorkerClient::OnTransportError - code=2 error=End of file
